E:\大论文实验\EXT4_PARSE\EXT4_PARSE\DEBUG\EXT4_PARSE.OBJ
E:\大论文实验\EXT4_PARSE\EXT4_PARSE\DEBUG\MAIN.OBJ
E:\大论文实验\EXT4_PARSE\EXT4_PARSE\DEBUG\VC110.PDB
E:\大论文实验\Ext4_Parse\Debug\Ext4_Parse.lib
E:\大论文实验\Ext4_Parse\Debug\Ext4_Parse.exp
E:\大论文实验\EXT4_PARSE\DEBUG\EXT4_PARSE.ILK
E:\大论文实验\EXT4_PARSE\DEBUG\EXT4_PARSE.DLL
E:\大论文实验\EXT4_PARSE\DEBUG\EXT4_PARSE.PDB
E:\大论文实验\Ext4_Parse\Ext4_Parse\Debug\Ext4_Parse.obj
E:\大论文实验\Ext4_Parse\Ext4_Parse\Debug\main.obj
E:\大论文实验\Ext4_Parse\Ext4_Parse\Debug\cl.command.1.tlog
E:\大论文实验\Ext4_Parse\Ext4_Parse\Debug\CL.read.1.tlog
E:\大论文实验\Ext4_Parse\Ext4_Parse\Debug\CL.write.1.tlog
E:\大论文实验\Ext4_Parse\Ext4_Parse\Debug\Ext4_Parse.write.1.tlog
E:\大论文实验\Ext4_Parse\Ext4_Parse\Debug\link-cvtres.read.1.tlog
E:\大论文实验\Ext4_Parse\Ext4_Parse\Debug\link-cvtres.write.1.tlog
E:\大论文实验\Ext4_Parse\Ext4_Parse\Debug\link-rc.read.1.tlog
E:\大论文实验\Ext4_Parse\Ext4_Parse\Debug\link-rc.write.1.tlog
E:\大论文实验\Ext4_Parse\Ext4_Parse\Debug\link.10152-cvtres.read.1.tlog
E:\大论文实验\Ext4_Parse\Ext4_Parse\Debug\link.10152-cvtres.write.1.tlog
E:\大论文实验\Ext4_Parse\Ext4_Parse\Debug\link.10152-rc.read.1.tlog
E:\大论文实验\Ext4_Parse\Ext4_Parse\Debug\link.10152-rc.write.1.tlog
E:\大论文实验\Ext4_Parse\Ext4_Parse\Debug\link.10152.read.1.tlog
E:\大论文实验\Ext4_Parse\Ext4_Parse\Debug\link.10152.write.1.tlog
E:\大论文实验\Ext4_Parse\Ext4_Parse\Debug\link.2104-cvtres.read.1.tlog
E:\大论文实验\Ext4_Parse\Ext4_Parse\Debug\link.2104-cvtres.write.1.tlog
E:\大论文实验\Ext4_Parse\Ext4_Parse\Debug\link.2104-rc.read.1.tlog
E:\大论文实验\Ext4_Parse\Ext4_Parse\Debug\link.2104-rc.write.1.tlog
E:\大论文实验\Ext4_Parse\Ext4_Parse\Debug\link.2104.read.1.tlog
E:\大论文实验\Ext4_Parse\Ext4_Parse\Debug\link.2104.write.1.tlog
E:\大论文实验\Ext4_Parse\Ext4_Parse\Debug\link.2348-cvtres.read.1.tlog
E:\大论文实验\Ext4_Parse\Ext4_Parse\Debug\link.2348-cvtres.write.1.tlog
E:\大论文实验\Ext4_Parse\Ext4_Parse\Debug\link.2348-rc.read.1.tlog
E:\大论文实验\Ext4_Parse\Ext4_Parse\Debug\link.2348-rc.write.1.tlog
E:\大论文实验\Ext4_Parse\Ext4_Parse\Debug\link.2348.read.1.tlog
E:\大论文实验\Ext4_Parse\Ext4_Parse\Debug\link.2348.write.1.tlog
E:\大论文实验\Ext4_Parse\Ext4_Parse\Debug\link.3240-cvtres.read.1.tlog
E:\大论文实验\Ext4_Parse\Ext4_Parse\Debug\link.3240-cvtres.write.1.tlog
E:\大论文实验\Ext4_Parse\Ext4_Parse\Debug\link.3240-rc.read.1.tlog
E:\大论文实验\Ext4_Parse\Ext4_Parse\Debug\link.3240-rc.write.1.tlog
E:\大论文实验\Ext4_Parse\Ext4_Parse\Debug\link.3240.read.1.tlog
E:\大论文实验\Ext4_Parse\Ext4_Parse\Debug\link.3240.write.1.tlog
E:\大论文实验\Ext4_Parse\Ext4_Parse\Debug\link.4052-cvtres.read.1.tlog
E:\大论文实验\Ext4_Parse\Ext4_Parse\Debug\link.4052-cvtres.write.1.tlog
E:\大论文实验\Ext4_Parse\Ext4_Parse\Debug\link.4052-rc.read.1.tlog
E:\大论文实验\Ext4_Parse\Ext4_Parse\Debug\link.4052-rc.write.1.tlog
E:\大论文实验\Ext4_Parse\Ext4_Parse\Debug\link.4052.read.1.tlog
E:\大论文实验\Ext4_Parse\Ext4_Parse\Debug\link.4052.write.1.tlog
E:\大论文实验\Ext4_Parse\Ext4_Parse\Debug\link.6292-cvtres.read.1.tlog
E:\大论文实验\Ext4_Parse\Ext4_Parse\Debug\link.6292-cvtres.write.1.tlog
E:\大论文实验\Ext4_Parse\Ext4_Parse\Debug\link.6292-rc.read.1.tlog
E:\大论文实验\Ext4_Parse\Ext4_Parse\Debug\link.6292-rc.write.1.tlog
E:\大论文实验\Ext4_Parse\Ext4_Parse\Debug\link.6292.read.1.tlog
E:\大论文实验\Ext4_Parse\Ext4_Parse\Debug\link.6292.write.1.tlog
E:\大论文实验\Ext4_Parse\Ext4_Parse\Debug\link.6812-cvtres.read.1.tlog
E:\大论文实验\Ext4_Parse\Ext4_Parse\Debug\link.6812-cvtres.write.1.tlog
E:\大论文实验\Ext4_Parse\Ext4_Parse\Debug\link.6812-rc.read.1.tlog
E:\大论文实验\Ext4_Parse\Ext4_Parse\Debug\link.6812-rc.write.1.tlog
E:\大论文实验\Ext4_Parse\Ext4_Parse\Debug\link.6812.read.1.tlog
E:\大论文实验\Ext4_Parse\Ext4_Parse\Debug\link.6812.write.1.tlog
E:\大论文实验\Ext4_Parse\Ext4_Parse\Debug\link.6908-cvtres.read.1.tlog
E:\大论文实验\Ext4_Parse\Ext4_Parse\Debug\link.6908-cvtres.write.1.tlog
E:\大论文实验\Ext4_Parse\Ext4_Parse\Debug\link.6908-rc.read.1.tlog
E:\大论文实验\Ext4_Parse\Ext4_Parse\Debug\link.6908-rc.write.1.tlog
E:\大论文实验\Ext4_Parse\Ext4_Parse\Debug\link.6908.read.1.tlog
E:\大论文实验\Ext4_Parse\Ext4_Parse\Debug\link.6908.write.1.tlog
E:\大论文实验\Ext4_Parse\Ext4_Parse\Debug\link.6972-cvtres.read.1.tlog
E:\大论文实验\Ext4_Parse\Ext4_Parse\Debug\link.6972-cvtres.write.1.tlog
E:\大论文实验\Ext4_Parse\Ext4_Parse\Debug\link.6972-rc.read.1.tlog
E:\大论文实验\Ext4_Parse\Ext4_Parse\Debug\link.6972-rc.write.1.tlog
E:\大论文实验\Ext4_Parse\Ext4_Parse\Debug\link.6972.read.1.tlog
E:\大论文实验\Ext4_Parse\Ext4_Parse\Debug\link.6972.write.1.tlog
E:\大论文实验\Ext4_Parse\Ext4_Parse\Debug\link.7268-cvtres.read.1.tlog
E:\大论文实验\Ext4_Parse\Ext4_Parse\Debug\link.7268-cvtres.write.1.tlog
E:\大论文实验\Ext4_Parse\Ext4_Parse\Debug\link.7268-rc.read.1.tlog
E:\大论文实验\Ext4_Parse\Ext4_Parse\Debug\link.7268-rc.write.1.tlog
E:\大论文实验\Ext4_Parse\Ext4_Parse\Debug\link.7268.read.1.tlog
E:\大论文实验\Ext4_Parse\Ext4_Parse\Debug\link.7268.write.1.tlog
E:\大论文实验\Ext4_Parse\Ext4_Parse\Debug\link.7288-cvtres.read.1.tlog
E:\大论文实验\Ext4_Parse\Ext4_Parse\Debug\link.7288-cvtres.write.1.tlog
E:\大论文实验\Ext4_Parse\Ext4_Parse\Debug\link.7288-rc.read.1.tlog
E:\大论文实验\Ext4_Parse\Ext4_Parse\Debug\link.7288-rc.write.1.tlog
E:\大论文实验\Ext4_Parse\Ext4_Parse\Debug\link.7288.read.1.tlog
E:\大论文实验\Ext4_Parse\Ext4_Parse\Debug\link.7288.write.1.tlog
E:\大论文实验\Ext4_Parse\Ext4_Parse\Debug\link.7348-cvtres.read.1.tlog
E:\大论文实验\Ext4_Parse\Ext4_Parse\Debug\link.7348-cvtres.write.1.tlog
E:\大论文实验\Ext4_Parse\Ext4_Parse\Debug\link.7348-rc.read.1.tlog
E:\大论文实验\Ext4_Parse\Ext4_Parse\Debug\link.7348-rc.write.1.tlog
E:\大论文实验\Ext4_Parse\Ext4_Parse\Debug\link.7348.read.1.tlog
E:\大论文实验\Ext4_Parse\Ext4_Parse\Debug\link.7348.write.1.tlog
E:\大论文实验\Ext4_Parse\Ext4_Parse\Debug\link.7388-cvtres.read.1.tlog
E:\大论文实验\Ext4_Parse\Ext4_Parse\Debug\link.7388-cvtres.write.1.tlog
E:\大论文实验\Ext4_Parse\Ext4_Parse\Debug\link.7388-rc.read.1.tlog
E:\大论文实验\Ext4_Parse\Ext4_Parse\Debug\link.7388-rc.write.1.tlog
E:\大论文实验\Ext4_Parse\Ext4_Parse\Debug\link.7388.read.1.tlog
E:\大论文实验\Ext4_Parse\Ext4_Parse\Debug\link.7388.write.1.tlog
E:\大论文实验\Ext4_Parse\Ext4_Parse\Debug\link.7456-cvtres.read.1.tlog
E:\大论文实验\Ext4_Parse\Ext4_Parse\Debug\link.7456-cvtres.write.1.tlog
E:\大论文实验\Ext4_Parse\Ext4_Parse\Debug\link.7456-rc.read.1.tlog
E:\大论文实验\Ext4_Parse\Ext4_Parse\Debug\link.7456-rc.write.1.tlog
E:\大论文实验\Ext4_Parse\Ext4_Parse\Debug\link.7456.read.1.tlog
E:\大论文实验\Ext4_Parse\Ext4_Parse\Debug\link.7456.write.1.tlog
E:\大论文实验\Ext4_Parse\Ext4_Parse\Debug\link.7484-cvtres.read.1.tlog
E:\大论文实验\Ext4_Parse\Ext4_Parse\Debug\link.7484-cvtres.write.1.tlog
E:\大论文实验\Ext4_Parse\Ext4_Parse\Debug\link.7484-rc.read.1.tlog
E:\大论文实验\Ext4_Parse\Ext4_Parse\Debug\link.7484-rc.write.1.tlog
E:\大论文实验\Ext4_Parse\Ext4_Parse\Debug\link.7484.read.1.tlog
E:\大论文实验\Ext4_Parse\Ext4_Parse\Debug\link.7484.write.1.tlog
E:\大论文实验\Ext4_Parse\Ext4_Parse\Debug\link.7644-cvtres.read.1.tlog
E:\大论文实验\Ext4_Parse\Ext4_Parse\Debug\link.7644-cvtres.write.1.tlog
E:\大论文实验\Ext4_Parse\Ext4_Parse\Debug\link.7644-rc.read.1.tlog
E:\大论文实验\Ext4_Parse\Ext4_Parse\Debug\link.7644-rc.write.1.tlog
E:\大论文实验\Ext4_Parse\Ext4_Parse\Debug\link.7644.read.1.tlog
E:\大论文实验\Ext4_Parse\Ext4_Parse\Debug\link.7644.write.1.tlog
E:\大论文实验\Ext4_Parse\Ext4_Parse\Debug\link.7724-cvtres.read.1.tlog
E:\大论文实验\Ext4_Parse\Ext4_Parse\Debug\link.7724-cvtres.write.1.tlog
E:\大论文实验\Ext4_Parse\Ext4_Parse\Debug\link.7724-rc.read.1.tlog
E:\大论文实验\Ext4_Parse\Ext4_Parse\Debug\link.7724-rc.write.1.tlog
E:\大论文实验\Ext4_Parse\Ext4_Parse\Debug\link.7724.read.1.tlog
E:\大论文实验\Ext4_Parse\Ext4_Parse\Debug\link.7724.write.1.tlog
E:\大论文实验\Ext4_Parse\Ext4_Parse\Debug\link.7888-cvtres.read.1.tlog
E:\大论文实验\Ext4_Parse\Ext4_Parse\Debug\link.7888-cvtres.write.1.tlog
E:\大论文实验\Ext4_Parse\Ext4_Parse\Debug\link.7888-rc.read.1.tlog
E:\大论文实验\Ext4_Parse\Ext4_Parse\Debug\link.7888-rc.write.1.tlog
E:\大论文实验\Ext4_Parse\Ext4_Parse\Debug\link.7888.read.1.tlog
E:\大论文实验\Ext4_Parse\Ext4_Parse\Debug\link.7888.write.1.tlog
E:\大论文实验\Ext4_Parse\Ext4_Parse\Debug\link.7908-cvtres.read.1.tlog
E:\大论文实验\Ext4_Parse\Ext4_Parse\Debug\link.7908-cvtres.write.1.tlog
E:\大论文实验\Ext4_Parse\Ext4_Parse\Debug\link.7908-rc.read.1.tlog
E:\大论文实验\Ext4_Parse\Ext4_Parse\Debug\link.7908-rc.write.1.tlog
E:\大论文实验\Ext4_Parse\Ext4_Parse\Debug\link.7908.read.1.tlog
E:\大论文实验\Ext4_Parse\Ext4_Parse\Debug\link.7908.write.1.tlog
E:\大论文实验\Ext4_Parse\Ext4_Parse\Debug\link.8268-cvtres.read.1.tlog
E:\大论文实验\Ext4_Parse\Ext4_Parse\Debug\link.8268-cvtres.write.1.tlog
E:\大论文实验\Ext4_Parse\Ext4_Parse\Debug\link.8268-rc.read.1.tlog
E:\大论文实验\Ext4_Parse\Ext4_Parse\Debug\link.8268-rc.write.1.tlog
E:\大论文实验\Ext4_Parse\Ext4_Parse\Debug\link.8268.read.1.tlog
E:\大论文实验\Ext4_Parse\Ext4_Parse\Debug\link.8268.write.1.tlog
E:\大论文实验\Ext4_Parse\Ext4_Parse\Debug\link.8432-cvtres.read.1.tlog
E:\大论文实验\Ext4_Parse\Ext4_Parse\Debug\link.8432-cvtres.write.1.tlog
E:\大论文实验\Ext4_Parse\Ext4_Parse\Debug\link.8432-rc.read.1.tlog
E:\大论文实验\Ext4_Parse\Ext4_Parse\Debug\link.8432-rc.write.1.tlog
E:\大论文实验\Ext4_Parse\Ext4_Parse\Debug\link.8432.read.1.tlog
E:\大论文实验\Ext4_Parse\Ext4_Parse\Debug\link.8432.write.1.tlog
E:\大论文实验\Ext4_Parse\Ext4_Parse\Debug\link.8740-cvtres.read.1.tlog
E:\大论文实验\Ext4_Parse\Ext4_Parse\Debug\link.8740-cvtres.write.1.tlog
E:\大论文实验\Ext4_Parse\Ext4_Parse\Debug\link.8740-rc.read.1.tlog
E:\大论文实验\Ext4_Parse\Ext4_Parse\Debug\link.8740-rc.write.1.tlog
E:\大论文实验\Ext4_Parse\Ext4_Parse\Debug\link.8740.read.1.tlog
E:\大论文实验\Ext4_Parse\Ext4_Parse\Debug\link.8740.write.1.tlog
E:\大论文实验\Ext4_Parse\Ext4_Parse\Debug\link.8980-cvtres.read.1.tlog
E:\大论文实验\Ext4_Parse\Ext4_Parse\Debug\link.8980-cvtres.write.1.tlog
E:\大论文实验\Ext4_Parse\Ext4_Parse\Debug\link.8980-rc.read.1.tlog
E:\大论文实验\Ext4_Parse\Ext4_Parse\Debug\link.8980-rc.write.1.tlog
E:\大论文实验\Ext4_Parse\Ext4_Parse\Debug\link.8980.read.1.tlog
E:\大论文实验\Ext4_Parse\Ext4_Parse\Debug\link.8980.write.1.tlog
E:\大论文实验\Ext4_Parse\Ext4_Parse\Debug\link.9476-cvtres.read.1.tlog
E:\大论文实验\Ext4_Parse\Ext4_Parse\Debug\link.9476-cvtres.write.1.tlog
E:\大论文实验\Ext4_Parse\Ext4_Parse\Debug\link.9476-rc.read.1.tlog
E:\大论文实验\Ext4_Parse\Ext4_Parse\Debug\link.9476-rc.write.1.tlog
E:\大论文实验\Ext4_Parse\Ext4_Parse\Debug\link.9476.read.1.tlog
E:\大论文实验\Ext4_Parse\Ext4_Parse\Debug\link.9476.write.1.tlog
E:\大论文实验\Ext4_Parse\Ext4_Parse\Debug\link.9484-cvtres.read.1.tlog
E:\大论文实验\Ext4_Parse\Ext4_Parse\Debug\link.9484-cvtres.write.1.tlog
E:\大论文实验\Ext4_Parse\Ext4_Parse\Debug\link.9484-rc.read.1.tlog
E:\大论文实验\Ext4_Parse\Ext4_Parse\Debug\link.9484-rc.write.1.tlog
E:\大论文实验\Ext4_Parse\Ext4_Parse\Debug\link.9484.read.1.tlog
E:\大论文实验\Ext4_Parse\Ext4_Parse\Debug\link.9484.write.1.tlog
E:\大论文实验\Ext4_Parse\Ext4_Parse\Debug\link.9532-cvtres.read.1.tlog
E:\大论文实验\Ext4_Parse\Ext4_Parse\Debug\link.9532-cvtres.write.1.tlog
E:\大论文实验\Ext4_Parse\Ext4_Parse\Debug\link.9532-rc.read.1.tlog
E:\大论文实验\Ext4_Parse\Ext4_Parse\Debug\link.9532-rc.write.1.tlog
E:\大论文实验\Ext4_Parse\Ext4_Parse\Debug\link.9532.read.1.tlog
E:\大论文实验\Ext4_Parse\Ext4_Parse\Debug\link.9532.write.1.tlog
E:\大论文实验\Ext4_Parse\Ext4_Parse\Debug\link.command.1.tlog
E:\大论文实验\Ext4_Parse\Ext4_Parse\Debug\link.read.1.tlog
E:\大论文实验\Ext4_Parse\Ext4_Parse\Debug\link.write.1.tlog
E:\大论文实验\Ext4_Parse\Ext4_Parse\Debug\vc110.idb
E:\大论文实验\Ext4_Parse\Ext4_Parse\Debug\vc110.pdb
E:\大论文实验\Ext4_Parse\Debug\Ext4_Parse.pdb
E:\大论文实验\Ext4_Parse\Debug\Ext4_Parse.dll
E:\大论文实验\Ext4_Parse\Debug\Ext4_Parse.ilk
